<?xml version="1.0" encoding="UTF-8"?>
<!-- Generated by org.testng.reporters.JUnitXMLReporter -->
<testsuite ignored="0" hostname="FM-LAPTOP" failures="0" tests="8" name="Default test" time="196.873" errors="0" timestamp="2025-05-02T10:02:43 BDT">
  <testcase classname="execution.TestExecution" name="LoginFunctionality" time="5.846"/>
  <testcase classname="execution.TestExecution" name="LoginNegativeFunctionality" time="7.784"/>
  <testcase classname="execution.TestExecution" name="AddToCart" time="31.828"/>
  <testcase classname="execution.TestExecution" name="CheckoutProcess" time="33.976"/>
  <testcase classname="execution.TestExecution" name="SortingProducts" time="31.651"/>
  <testcase classname="execution.TestExecution" name="LogoutFunctionality" time="15.808"/>
  <testcase classname="execution.TestExecution" name="LockedOutUser" time="5.648"/>
  <testcase classname="execution.TestExecution" name="CartBadgeCount" time="20.544"/>
</testsuite> <!-- Default test -->
