<?xml version="1.0" encoding="UTF-8"?>
<testng-results ignored="0" total="8" passed="8" failed="0" skipped="0">
  <reporter-output>
  </reporter-output>
  <suite started-at="2025-05-02T09:59:26 BDT" name="Default suite" finished-at="2025-05-02T10:02:43 BDT" duration-ms="196873">
    <groups>
    </groups>
    <test started-at="2025-05-02T09:59:26 BDT" name="Default test" finished-at="2025-05-02T10:02:43 BDT" duration-ms="196873">
      <class name="execution.TestExecution">
        <test-method is-config="true" signature="setupTest()[pri:0, instance:execution.TestExecution@1807f5a7]" started-at="2025-05-02T09:59:26 BDT" name="setupTest" finished-at="2025-05-02T09:59:42 BDT" duration-ms="16145" status="PASS">
          <reporter-output>
          </reporter-output>
        </test-method> <!-- setupTest -->
        <test-method signature="LoginFunctionality()[pri:1, instance:execution.TestExecution@1807f5a7]" started-at="2025-05-02T09:59:42 BDT" name="LoginFunctionality" finished-at="2025-05-02T09:59:48 BDT" duration-ms="5846" status="PASS">
          <reporter-output>
          </reporter-output>
        </test-method> <!-- LoginFunctionality -->
        <test-method is-config="true" signature="closeBrowser()[pri:0, instance:execution.TestExecution@1807f5a7]" started-at="2025-05-02T09:59:48 BDT" name="closeBrowser" finished-at="2025-05-02T09:59:49 BDT" duration-ms="522" status="PASS">
          <reporter-output>
          </reporter-output>
        </test-method> <!-- closeBrowser -->
        <test-method is-config="true" signature="setupTest()[pri:0, instance:execution.TestExecution@1807f5a7]" started-at="2025-05-02T09:59:49 BDT" name="setupTest" finished-at="2025-05-02T09:59:52 BDT" duration-ms="3367" status="PASS">
          <reporter-output>
          </reporter-output>
        </test-method> <!-- setupTest -->
        <test-method signature="LoginNegativeFunctionality()[pri:2, instance:execution.TestExecution@1807f5a7]" started-at="2025-05-02T09:59:52 BDT" name="LoginNegativeFunctionality" finished-at="2025-05-02T10:00:00 BDT" duration-ms="7784" status="PASS">
          <reporter-output>
          </reporter-output>
        </test-method> <!-- LoginNegativeFunctionality -->
        <test-method is-config="true" signature="closeBrowser()[pri:0, instance:execution.TestExecution@1807f5a7]" started-at="2025-05-02T10:00:00 BDT" name="closeBrowser" finished-at="2025-05-02T10:00:00 BDT" duration-ms="489" status="PASS">
          <reporter-output>
          </reporter-output>
        </test-method> <!-- closeBrowser -->
        <test-method is-config="true" signature="setupTest()[pri:0, instance:execution.TestExecution@1807f5a7]" started-at="2025-05-02T10:00:00 BDT" name="setupTest" finished-at="2025-05-02T10:00:03 BDT" duration-ms="2787" status="PASS">
          <reporter-output>
          </reporter-output>
        </test-method> <!-- setupTest -->
        <test-method signature="AddToCart()[pri:3, instance:execution.TestExecution@1807f5a7]" started-at="2025-05-02T10:00:03 BDT" name="AddToCart" finished-at="2025-05-02T10:00:35 BDT" duration-ms="31828" status="PASS">
          <reporter-output>
          </reporter-output>
        </test-method> <!-- AddToCart -->
        <test-method is-config="true" signature="closeBrowser()[pri:0, instance:execution.TestExecution@1807f5a7]" started-at="2025-05-02T10:00:35 BDT" name="closeBrowser" finished-at="2025-05-02T10:00:36 BDT" duration-ms="542" status="PASS">
          <reporter-output>
          </reporter-output>
        </test-method> <!-- closeBrowser -->
        <test-method is-config="true" signature="setupTest()[pri:0, instance:execution.TestExecution@1807f5a7]" started-at="2025-05-02T10:00:36 BDT" name="setupTest" finished-at="2025-05-02T10:00:40 BDT" duration-ms="4643" status="PASS">
          <reporter-output>
          </reporter-output>
        </test-method> <!-- setupTest -->
        <test-method signature="CheckoutProcess()[pri:4, instance:execution.TestExecution@1807f5a7]" started-at="2025-05-02T10:00:40 BDT" name="CheckoutProcess" finished-at="2025-05-02T10:01:14 BDT" duration-ms="33976" status="PASS">
          <reporter-output>
          </reporter-output>
        </test-method> <!-- CheckoutProcess -->
        <test-method is-config="true" signature="closeBrowser()[pri:0, instance:execution.TestExecution@1807f5a7]" started-at="2025-05-02T10:01:14 BDT" name="closeBrowser" finished-at="2025-05-02T10:01:15 BDT" duration-ms="797" status="PASS">
          <reporter-output>
          </reporter-output>
        </test-method> <!-- closeBrowser -->
        <test-method is-config="true" signature="setupTest()[pri:0, instance:execution.TestExecution@1807f5a7]" started-at="2025-05-02T10:01:15 BDT" name="setupTest" finished-at="2025-05-02T10:01:19 BDT" duration-ms="3592" status="PASS">
          <reporter-output>
          </reporter-output>
        </test-method> <!-- setupTest -->
        <test-method signature="SortingProducts()[pri:5, instance:execution.TestExecution@1807f5a7]" started-at="2025-05-02T10:01:19 BDT" name="SortingProducts" finished-at="2025-05-02T10:01:50 BDT" duration-ms="31651" status="PASS">
          <reporter-output>
          </reporter-output>
        </test-method> <!-- SortingProducts -->
        <test-method is-config="true" signature="closeBrowser()[pri:0, instance:execution.TestExecution@1807f5a7]" started-at="2025-05-02T10:01:50 BDT" name="closeBrowser" finished-at="2025-05-02T10:01:51 BDT" duration-ms="487" status="PASS">
          <reporter-output>
          </reporter-output>
        </test-method> <!-- closeBrowser -->
        <test-method is-config="true" signature="setupTest()[pri:0, instance:execution.TestExecution@1807f5a7]" started-at="2025-05-02T10:01:51 BDT" name="setupTest" finished-at="2025-05-02T10:01:53 BDT" duration-ms="2301" status="PASS">
          <reporter-output>
          </reporter-output>
        </test-method> <!-- setupTest -->
        <test-method signature="LogoutFunctionality()[pri:6, instance:execution.TestExecution@1807f5a7]" started-at="2025-05-02T10:01:53 BDT" name="LogoutFunctionality" finished-at="2025-05-02T10:02:09 BDT" duration-ms="15808" status="PASS">
          <reporter-output>
          </reporter-output>
        </test-method> <!-- LogoutFunctionality -->
        <test-method is-config="true" signature="closeBrowser()[pri:0, instance:execution.TestExecution@1807f5a7]" started-at="2025-05-02T10:02:09 BDT" name="closeBrowser" finished-at="2025-05-02T10:02:09 BDT" duration-ms="517" status="PASS">
          <reporter-output>
          </reporter-output>
        </test-method> <!-- closeBrowser -->
        <test-method is-config="true" signature="setupTest()[pri:0, instance:execution.TestExecution@1807f5a7]" started-at="2025-05-02T10:02:09 BDT" name="setupTest" finished-at="2025-05-02T10:02:13 BDT" duration-ms="3826" status="PASS">
          <reporter-output>
          </reporter-output>
        </test-method> <!-- setupTest -->
        <test-method signature="LockedOutUser()[pri:7, instance:execution.TestExecution@1807f5a7]" started-at="2025-05-02T10:02:13 BDT" name="LockedOutUser" finished-at="2025-05-02T10:02:19 BDT" duration-ms="5648" status="PASS">
          <reporter-output>
          </reporter-output>
        </test-method> <!-- LockedOutUser -->
        <test-method is-config="true" signature="closeBrowser()[pri:0, instance:execution.TestExecution@1807f5a7]" started-at="2025-05-02T10:02:19 BDT" name="closeBrowser" finished-at="2025-05-02T10:02:19 BDT" duration-ms="439" status="PASS">
          <reporter-output>
          </reporter-output>
        </test-method> <!-- closeBrowser -->
        <test-method is-config="true" signature="setupTest()[pri:0, instance:execution.TestExecution@1807f5a7]" started-at="2025-05-02T10:02:19 BDT" name="setupTest" finished-at="2025-05-02T10:02:22 BDT" duration-ms="2251" status="PASS">
          <reporter-output>
          </reporter-output>
        </test-method> <!-- setupTest -->
        <test-method signature="CartBadgeCount()[pri:8, instance:execution.TestExecution@1807f5a7]" started-at="2025-05-02T10:02:22 BDT" name="CartBadgeCount" finished-at="2025-05-02T10:02:42 BDT" duration-ms="20544" status="PASS">
          <reporter-output>
          </reporter-output>
        </test-method> <!-- CartBadgeCount -->
        <test-method is-config="true" signature="closeBrowser()[pri:0, instance:execution.TestExecution@1807f5a7]" started-at="2025-05-02T10:02:42 BDT" name="closeBrowser" finished-at="2025-05-02T10:02:43 BDT" duration-ms="583" status="PASS">
          <reporter-output>
          </reporter-output>
        </test-method> <!-- closeBrowser -->
      </class> <!-- execution.TestExecution -->
    </test> <!-- Default test -->
  </suite> <!-- Default suite -->
</testng-results>
